<?xml version="1.0" encoding="UTF-8"?>
<testng-results ignored="0" total="1" passed="1" failed="0" skipped="0">
  <reporter-output>
  </reporter-output>
  <suite started-at="2023-07-30T14:23:21 IST" name="Default suite" finished-at="2023-07-30T14:25:07 IST" duration-ms="106464">
    <groups>
    </groups>
    <test started-at="2023-07-30T14:23:21 IST" name="Default test" finished-at="2023-07-30T14:25:07 IST" duration-ms="106464">
      <class name="tests.glammytest">
        <test-method is-config="true" signature="setUp()[pri:0, instance:tests.glammytest@75437611]" started-at="2023-07-30T14:23:21 IST" name="setUp" finished-at="2023-07-30T14:24:26 IST" duration-ms="64788" status="PASS">
          <reporter-output>
          </reporter-output>
        </test-method> <!-- setUp -->
        <test-method signature="glammyytestt()[pri:0, instance:tests.glammytest@75437611]" started-at="2023-07-30T14:24:26 IST" name="glammyytestt" finished-at="2023-07-30T14:25:07 IST" duration-ms="41548" status="PASS">
          <reporter-output>
          </reporter-output>
        </test-method> <!-- glammyytestt -->
      </class> <!-- tests.glammytest -->
    </test> <!-- Default test -->
  </suite> <!-- Default suite -->
</testng-results>
